<?xml version="1.0" encoding="UTF-8"?>
<!-- Generated by org.testng.reporters.JUnitXMLReporter -->
<testsuite ignored="2" hostname="shivu-PC" failures="0" tests="1" name="Default test" time="45.355" errors="0" timestamp="2020-07-06T10:46:54 IST">
  <testcase classname="org.tq.EsignGenieTestScript.LoginTest" name="verifyForgotPassword" time="13.202"/>
  <testcase classname="org.tq.EsignGenieTestScript.LoginTest" name="loginTest" time="0.0">
    <ignored/>
  </testcase> <!-- loginTest -->
  <testcase classname="org.tq.EsignGenieTestScript.LoginTest" name="verifyTitleofESignGenie" time="0.0">
    <ignored/>
  </testcase> <!-- verifyTitleofESignGenie -->
</testsuite> <!-- Default test -->
