<?xml version="1.0" encoding="UTF-8"?>
<!-- Generated by org.testng.reporters.JUnitXMLReporter -->
<testsuite ignored="1" hostname="shivu-PC" failures="0" tests="4" name="Default test" time="275.391" errors="0" timestamp="2020-07-13T16:25:09 IST">
  <testcase classname="org.tq.HomeTestScript.AllTabofHomeTestScript" name="CreateDocumentFromHomePage" time="97.475"/>
  <testcase classname="org.tq.HomeTestScript.AllTabofHomeTestScript" name="VerifyDocumentwaitingformysignature" time="31.09"/>
  <testcase classname="org.tq.HomeTestScript.AllTabofHomeTestScript" name="VerifyDocumentwaitingforOthersignature" time="27.863"/>
  <testcase classname="org.tq.HomeTestScript.AllTabofHomeTestScript" name="VerifyContinueFromDraft" time="77.026"/>
  <testcase classname="org.tq.HomeTestScript.AllTabofHomeTestScript" name="VerifyProcessOfSignatureOfOnePartyToOtherParty" time="0.0">
    <ignored/>
  </testcase> <!-- VerifyProcessOfSignatureOfOnePartyToOtherParty -->
</testsuite> <!-- Default test -->
