<?xml version="1.0" encoding="UTF-8"?>
<!-- Generated by org.testng.reporters.JUnitXMLReporter -->
<testsuite ignored="0" hostname="shivu-PC" failures="0" tests="2" name="Test" time="0.119" errors="0" timestamp="2020-06-27T10:10:23 IST">
  <testcase classname="org.tq.EsignGenieTestScript.LoginTest" name="loginTest" time="0.0">
    <skipped/>
  </testcase> <!-- loginTest -->
  <testcase classname="org.tq.EsignGenieTestScript.LoginTest" name="VerifyTitleofESignGenie" time="0.0">
    <skipped/>
  </testcase> <!-- VerifyTitleofESignGenie -->
</testsuite> <!-- Test -->
