<?xml version="1.0" encoding="UTF-8"?>
<!-- Generated by org.testng.reporters.JUnitXMLReporter -->
<testsuite ignored="0" hostname="shivu-PC" failures="1" tests="6" name="Test1" time="80.528" errors="0" timestamp="2020-06-27T10:11:44 IST">
  <testcase classname="org.tq.HomeTestScript.HomeTestScript" name="loginTest" time="12.39"/>
  <testcase classname="org.tq.HomeTestScript.HomeTestScript" name="VerifyTitleofESignGenie" time="2.061">
    <failure type="java.lang.AssertionError" message="Title Verified expected [Home eSignGenie] but found []">
      <![CDATA[java.lang.AssertionError: Title Verified expected [Home eSignGenie] but found []
at org.tq.LoginPages.LoginPage.VerifyTitle(LoginPage.java:49)
at org.tq.HomeTestScript.HomeTestScript.VerifyTitleofESignGenie(HomeTestScript.java:33)
at java.base/java.util.ArrayList.forEach(ArrayList.java:1510)
... Removed 31 stack frames]]>
    </failure>
  </testcase> <!-- VerifyTitleofESignGenie -->
  <testcase classname="org.tq.HomeTestScript.HomeTestScript" name="createNewDocument" time="10.717"/>
  <testcase classname="org.tq.HomeTestScript.HomeTestScript" name="addMe" time="1.015"/>
  <testcase classname="org.tq.HomeTestScript.HomeTestScript" name="addNewParty" time="8.527"/>
  <testcase classname="org.tq.HomeTestScript.HomeTestScript" name="addSignatureAndDataField" time="7.158"/>
</testsuite> <!-- Test1 -->
