<?xml version="1.0" encoding="UTF-8"?>
<testng-results ignored="2" total="14" passed="12" failed="0" skipped="0">
  <reporter-output>
    <line>
      <![CDATA[Settings done Test can be started ]]>
    </line>
    <line>
      <![CDATA[Setting done Test can be started]]>
    </line>
    <line>
      <![CDATA[Trying to start Browser and Getting application ready]]>
    </line>
    <line>
      <![CDATA[Browser and Application is up and running]]>
    </line>
    <line>
      <![CDATA[Test Completed >>> Extent Report Generated]]>
    </line>
  </reporter-output>
  <suite started-at="2020-07-09T12:29:56 IST" name="Default suite" finished-at="2020-07-09T12:31:58 IST" duration-ms="121838">
    <groups>
    </groups>
    <test started-at="2020-07-09T12:29:56 IST" name="Default test" finished-at="2020-07-09T12:31:58 IST" duration-ms="121838">
      <class name="org.tq.HomeTestScript.HomeTestScript">
        <test-method is-config="true" signature="setupSuite()[pri:0, instance:org.tq.HomeTestScript.HomeTestScript@2f112965]" started-at="2020-07-09T12:29:56 IST" name="setupSuite" finished-at="2020-07-09T12:29:56 IST" duration-ms="312" status="PASS">
          <reporter-output>
            <line>
              <![CDATA[Settings done Test can be started ]]>
            </line>
            <line>
              <![CDATA[Setting done Test can be started]]>
            </line>
          </reporter-output>
        </test-method> <!-- setupSuite -->
        <test-method is-config="true" signature="setup()[pri:0, instance:org.tq.HomeTestScript.HomeTestScript@2f112965]" started-at="2020-07-09T12:29:56 IST" name="setup" finished-at="2020-07-09T12:30:12 IST" duration-ms="16400" status="PASS">
          <reporter-output>
            <line>
              <![CDATA[Trying to start Browser and Getting application ready]]>
            </line>
            <line>
              <![CDATA[Browser and Application is up and running]]>
            </line>
          </reporter-output>
        </test-method> <!-- setup -->
        <test-method signature="loginTest()[pri:1, instance:org.tq.HomeTestScript.HomeTestScript@2f112965]" started-at="2020-07-09T12:30:12 IST" name="loginTest" finished-at="2020-07-09T12:30:31 IST" duration-ms="19032" status="PASS">
          <reporter-output>
          </reporter-output>
        </test-method> <!-- loginTest -->
        <test-method signature="createNewDocument()[pri:3, instance:org.tq.HomeTestScript.HomeTestScript@2f112965]" started-at="2020-07-09T12:30:31 IST" name="createNewDocument" finished-at="2020-07-09T12:30:41 IST" duration-ms="9281" status="PASS">
          <reporter-output>
          </reporter-output>
        </test-method> <!-- createNewDocument -->
        <test-method signature="addMe()[pri:4, instance:org.tq.HomeTestScript.HomeTestScript@2f112965]" started-at="2020-07-09T12:30:41 IST" name="addMe" finished-at="2020-07-09T12:30:44 IST" duration-ms="2788" status="PASS">
          <reporter-output>
          </reporter-output>
        </test-method> <!-- addMe -->
        <test-method signature="addNewParty()[pri:5, instance:org.tq.HomeTestScript.HomeTestScript@2f112965]" started-at="2020-07-09T12:30:44 IST" name="addNewParty" finished-at="2020-07-09T12:30:53 IST" duration-ms="9482" status="PASS">
          <reporter-output>
          </reporter-output>
        </test-method> <!-- addNewParty -->
        <test-method signature="addSignatureField()[pri:6, instance:org.tq.HomeTestScript.HomeTestScript@2f112965]" started-at="2020-07-09T12:30:53 IST" name="addSignatureField" finished-at="2020-07-09T12:31:00 IST" duration-ms="6656" status="PASS">
          <reporter-output>
          </reporter-output>
        </test-method> <!-- addSignatureField -->
        <test-method signature="addDataField()[pri:7, instance:org.tq.HomeTestScript.HomeTestScript@2f112965]" started-at="2020-07-09T12:31:00 IST" name="addDataField" finished-at="2020-07-09T12:31:06 IST" duration-ms="6411" status="PASS">
          <reporter-output>
          </reporter-output>
        </test-method> <!-- addDataField -->
        <test-method signature="updatePartyOfInitialField()[pri:8, instance:org.tq.HomeTestScript.HomeTestScript@2f112965]" started-at="2020-07-09T12:31:06 IST" name="updatePartyOfInitialField" finished-at="2020-07-09T12:31:13 IST" duration-ms="6373" status="PASS">
          <reporter-output>
          </reporter-output>
        </test-method> <!-- updatePartyOfInitialField -->
        <test-method signature="updatePartyOfSignerEmail()[pri:9, instance:org.tq.HomeTestScript.HomeTestScript@2f112965]" started-at="2020-07-09T12:31:13 IST" name="updatePartyOfSignerEmail" finished-at="2020-07-09T12:31:15 IST" duration-ms="2449" status="PASS">
          <reporter-output>
          </reporter-output>
        </test-method> <!-- updatePartyOfSignerEmail -->
        <test-method signature="updatePartyOfSignerName()[pri:10, instance:org.tq.HomeTestScript.HomeTestScript@2f112965]" started-at="2020-07-09T12:31:15 IST" name="updatePartyOfSignerName" finished-at="2020-07-09T12:31:17 IST" duration-ms="2427" status="PASS">
          <reporter-output>
          </reporter-output>
        </test-method> <!-- updatePartyOfSignerName -->
        <test-method signature="saveUploadedDocument()[pri:11, instance:org.tq.HomeTestScript.HomeTestScript@2f112965]" started-at="2020-07-09T12:31:17 IST" name="saveUploadedDocument" finished-at="2020-07-09T12:31:21 IST" duration-ms="3208" status="PASS">
          <reporter-output>
          </reporter-output>
        </test-method> <!-- saveUploadedDocument -->
        <test-method signature="sendUploadedDocument()[pri:12, instance:org.tq.HomeTestScript.HomeTestScript@2f112965]" started-at="2020-07-09T12:31:21 IST" name="sendUploadedDocument" finished-at="2020-07-09T12:31:44 IST" duration-ms="23629" status="PASS">
          <reporter-output>
          </reporter-output>
        </test-method> <!-- sendUploadedDocument -->
        <test-method signature="logOutApplication()[pri:14, instance:org.tq.HomeTestScript.HomeTestScript@2f112965]" started-at="2020-07-09T12:31:44 IST" name="logOutApplication" finished-at="2020-07-09T12:31:55 IST" duration-ms="10418" status="PASS">
          <reporter-output>
          </reporter-output>
        </test-method> <!-- logOutApplication -->
        <test-method is-config="true" signature="tearDown()[pri:0, instance:org.tq.HomeTestScript.HomeTestScript@2f112965]" started-at="2020-07-09T12:31:55 IST" name="tearDown" finished-at="2020-07-09T12:31:58 IST" duration-ms="3184" status="PASS">
          <reporter-output>
            <line>
              <![CDATA[Test Completed >>> Extent Report Generated]]>
            </line>
          </reporter-output>
        </test-method> <!-- tearDown -->
      </class> <!-- org.tq.HomeTestScript.HomeTestScript -->
    </test> <!-- Default test -->
  </suite> <!-- Default suite -->
</testng-results>
